{
  "RSpec": {
    "coverage": {
      "/Users/macadocious/dev/dinr/app/models/restaurant.rb": [
        1,
        null,
        1,
        null,
        1,
        null,
        null,
        1,
        26,
        null,
        1,
        3,
        null,
        null,
        1,
        27,
        25,
        25,
        2,
        2,
        2,
        null,
        27,
        27,
        1286,
        27,
        1259,
        1259,
        null,
        null,
        null,
        27,
        null,
        null,
        null,
        null
      ],
      "/Users/macadocious/dev/dinr/spec/features/show_page_spec.rb": [
        1,
        null,
        1,
        1,
        1,
        1,
        1,
        1,
        1,
        1,
        1,
        null,
        1,
        1,
        1,
        1,
        1,
        1,
        null,
        1,
        1,
        null,
        11,
        1,
        1,
        null,
        1,
        1,
        1,
        null,
        null,
        1,
        1,
        1,
        1,
        1,
        null,
        1,
        null,
        1,
        null,
        1,
        1,
        1,
        1,
        1,
        null,
        1,
        1,
        1,
        1,
        null,
        1,
        null,
        1,
        1,
        1,
        1,
        1,
        null,
        1,
        null,
        1,
        1,
        1,
        1,
        null,
        1,
        1,
        1,
        1,
        1,
        null,
        1,
        1,
        1,
        1,
        null,
        null,
        null,
        null,
        null
      ],
      "/Users/macadocious/dev/dinr/app/models/user.rb": [
        1,
        null,
        1,
        1,
        1,
        1,
        null,
        1,
        6,
        4,
        null,
        null,
        null,
        1,
        2,
        null,
        null,
        null
      ],
      "/Users/macadocious/dev/dinr/spec/features/sign_in_up_spec.rb": [
        1,
        null,
        1,
        1,
        1,
        1,
        null,
        1,
        1,
        1,
        1,
        1,
        1,
        1,
        null,
        null,
        1,
        1,
        1,
        1,
        null,
        2,
        1,
        1,
        1,
        null,
        1,
        1,
        1,
        1,
        1,
        null,
        1,
        1,
        1,
        1,
        null,
        null
      ],
      "/Users/macadocious/dev/dinr/spec/features/user_account_spec.rb": [
        1,
        null,
        1,
        11,
        1,
        1,
        1,
        1,
        1,
        1,
        1,
        null,
        1,
        1,
        1,
        1,
        null,
        1,
        1,
        1,
        null,
        1,
        1,
        1,
        1,
        1,
        1,
        null,
        1,
        null,
        null
      ],
      "/Users/macadocious/dev/dinr/spec/models/restaurant_spec.rb": [
        1,
        null,
        1,
        1,
        1,
        80,
        null,
        2,
        2,
        2,
        2,
        2,
        2,
        2,
        2,
        null,
        1,
        1,
        33,
        33,
        null,
        1,
        1,
        1,
        1,
        1,
        1,
        1,
        null,
        1,
        1,
        1,
        1,
        1,
        null,
        null,
        1,
        1,
        1,
        1,
        1,
        1,
        null,
        null,
        null,
        null,
        null
      ],
      "/Users/macadocious/dev/dinr/spec/models/user_spec.rb": [
        1,
        null,
        1,
        10,
        2,
        2,
        2,
        null,
        null,
        1,
        3,
        3,
        3,
        1,
        1,
        1,
        null,
        3,
        1,
        1,
        1,
        null,
        null,
        null,
        1,
        2,
        2,
        2,
        1,
        1,
        1,
        null,
        1,
        1,
        1,
        null,
        null,
        null
      ],
      "/Users/macadocious/dev/dinr/app/controllers/restaurants_controller.rb": [
        1,
        null,
        1,
        null,
        25,
        25,
        11,
        null,
        25,
        25,
        25,
        38,
        null,
        null,
        1,
        7,
        7,
        7,
        7,
        7,
        7,
        null,
        null,
        1,
        2,
        2,
        2,
        null,
        0,
        null,
        null,
        1,
        1,
        1,
        1,
        null,
        0,
        null,
        null,
        null
      ],
      "/Users/macadocious/dev/dinr/app/controllers/application_controller.rb": [
        1,
        null,
        null,
        1,
        1,
        null,
        null
      ],
      "/Users/macadocious/dev/dinr/app/controllers/users_controller.rb": [
        1,
        null,
        1,
        null,
        1,
        4,
        4,
        null,
        null,
        1,
        1,
        1,
        1,
        1,
        null,
        0,
        null,
        null,
        null,
        1,
        7,
        7,
        null,
        null,
        1,
        0,
        null,
        null,
        1,
        0,
        0,
        null,
        0,
        null,
        null,
        1,
        0,
        0,
        0,
        null,
        0,
        null,
        null,
        null,
        null,
        1,
        1,
        1,
        null,
        1,
        7,
        null,
        1,
        7,
        0,
        null,
        null,
        null,
        1,
        7,
        null,
        1,
        7,
        0,
        null,
        null,
        null,
        null
      ],
      "/Users/macadocious/dev/dinr/app/controllers/sessions_controller.rb": [
        1,
        null,
        1,
        null,
        null,
        1,
        3,
        3,
        3,
        3,
        null,
        0,
        null,
        null,
        null,
        null,
        1,
        0,
        0,
        null,
        null,
        null
      ],
      "/Users/macadocious/dev/dinr/app/models/inspection.rb": [
        1,
        null,
        1,
        null,
        1,
        7,
        null,
        null,
        1,
        7,
        7,
        7,
        7,
        0,
        null,
        7,
        7,
        null,
        null,
        7,
        null,
        null,
        null
      ]
    },
    "timestamp": 1390172933
  }
}
